<?xml version="1.0" encoding="UTF-8"?>
<!-- Generated by org.testng.reporters.JUnitReportReporter -->
<testsuite hostname="Maartens-MacBook-Pro.local" failures="0" tests="3" name="academy.HomePage" time="43.613" errors="0" timestamp="2021-03-01T00:26:22 CET" skipped="0">
  <testcase classname="academy.HomePage" name="basePageNavigation" time="11.932"/>
  <system-out/>
  <testcase classname="academy.HomePage" name="basePageNavigation" time="15.733"/>
  <system-out/>
  <testcase classname="academy.HomePage" name="basePageNavigation" time="15.948"/>
  <system-out/>
</testsuite> <!-- academy.HomePage -->
