<?xml version="1.0" encoding="UTF-8"?>
<!-- Generated by org.testng.reporters.JUnitReportReporter -->
<testsuite hostname="Maartens-MacBook-Pro.local" failures="0" tests="1" name="academy.ValidateNavigationBar" time="9.929" errors="0" timestamp="2021-03-01T00:26:22 CET" skipped="0">
  <testcase classname="academy.ValidateNavigationBar" name="validateNavbar" time="9.929"/>
  <system-out/>
</testsuite> <!-- academy.ValidateNavigationBar -->
