<?xml version="1.0" encoding="UTF-8"?>
<!-- Generated by org.testng.reporters.JUnitReportReporter -->
<testsuite hostname="Maartens-MacBook-Pro.local" failures="0" tests="2" name="academy.ValidateTitle" time="24.353" errors="0" timestamp="2021-03-01T00:26:22 CET" skipped="0">
  <testcase classname="academy.ValidateTitle" name="validateHeader" time="9.643"/>
  <system-out/>
  <testcase classname="academy.ValidateTitle" name="validateTitle" time="14.710"/>
  <system-out/>
</testsuite> <!-- academy.ValidateTitle -->
