<?xml version="1.0" encoding="UTF-8"?>
<testsuite xmlns:xsi="http://www.w3.org/2001/XMLSchema-instance" xsi:noNamespaceSchemaLocation="https://maven.apache.org/surefire/maven-surefire-plugin/xsd/surefire-test-report-3.0.xsd" version="3.0" name="TestSuite" time="105.603" tests="6" errors="0" skipped="0" failures="0">
  <properties>
    <property name="gopherProxySet" value="false"/>
    <property name="awt.toolkit" value="sun.lwawt.macosx.LWCToolkit"/>
    <property name="java.specification.version" value="11"/>
    <property name="webdriver.chrome.driver" value="../../Selenium WebDriver with Java - Basics to Advanced + Frameworks/chromedriver"/>
    <property name="sun.cpu.isalist" value=""/>
    <property name="sun.jnu.encoding" value="UTF-8"/>
    <property name="java.class.path" value="/Users/MartyMcTruth/dev/Selenium WebDriver with Java - Basics to Advanced + Frameworks/E2EProject/target/test-classes:/Users/MartyMcTruth/dev/Selenium WebDriver with Java - Basics to Advanced + Frameworks/E2EProject/target/classes:/Users/MartyMcTruth/.m2/repository/org/seleniumhq/selenium/selenium-java/3.141.59/selenium-java-3.141.59.jar:/Users/MartyMcTruth/.m2/repository/org/seleniumhq/selenium/selenium-api/3.141.59/selenium-api-3.141.59.jar:/Users/MartyMcTruth/.m2/repository/org/seleniumhq/selenium/selenium-chrome-driver/3.141.59/selenium-chrome-driver-3.141.59.jar:/Users/MartyMcTruth/.m2/repository/org/seleniumhq/selenium/selenium-edge-driver/3.141.59/selenium-edge-driver-3.141.59.jar:/Users/MartyMcTruth/.m2/repository/org/seleniumhq/selenium/selenium-firefox-driver/3.141.59/selenium-firefox-driver-3.141.59.jar:/Users/MartyMcTruth/.m2/repository/org/seleniumhq/selenium/selenium-ie-driver/3.141.59/selenium-ie-driver-3.141.59.jar:/Users/MartyMcTruth/.m2/repository/org/seleniumhq/selenium/selenium-opera-driver/3.141.59/selenium-opera-driver-3.141.59.jar:/Users/MartyMcTruth/.m2/repository/org/seleniumhq/selenium/selenium-remote-driver/3.141.59/selenium-remote-driver-3.141.59.jar:/Users/MartyMcTruth/.m2/repository/org/seleniumhq/selenium/selenium-support/3.141.59/selenium-support-3.141.59.jar:/Users/MartyMcTruth/.m2/repository/net/bytebuddy/byte-buddy/1.8.15/byte-buddy-1.8.15.jar:/Users/MartyMcTruth/.m2/repository/org/apache/commons/commons-exec/1.3/commons-exec-1.3.jar:/Users/MartyMcTruth/.m2/repository/com/google/guava/guava/25.0-jre/guava-25.0-jre.jar:/Users/MartyMcTruth/.m2/repository/com/google/code/findbugs/jsr305/1.3.9/jsr305-1.3.9.jar:/Users/MartyMcTruth/.m2/repository/org/checkerframework/checker-compat-qual/2.0.0/checker-compat-qual-2.0.0.jar:/Users/MartyMcTruth/.m2/repository/com/google/errorprone/error_prone_annotations/2.1.3/error_prone_annotations-2.1.3.jar:/Users/MartyMcTruth/.m2/repository/com/google/j2objc/j2objc-annotations/1.1/j2objc-annotations-1.1.jar:/Users/MartyMcTruth/.m2/repository/org/codehaus/mojo/animal-sniffer-annotations/1.14/animal-sniffer-annotations-1.14.jar:/Users/MartyMcTruth/.m2/repository/com/squareup/okhttp3/okhttp/3.11.0/okhttp-3.11.0.jar:/Users/MartyMcTruth/.m2/repository/com/squareup/okio/okio/1.14.0/okio-1.14.0.jar:/Users/MartyMcTruth/.m2/repository/org/testng/testng/7.3.0/testng-7.3.0.jar:/Users/MartyMcTruth/.m2/repository/com/beust/jcommander/1.78/jcommander-1.78.jar:/Users/MartyMcTruth/.m2/repository/org/apache/ant/ant/1.10.3/ant-1.10.3.jar:/Users/MartyMcTruth/.m2/repository/org/apache/ant/ant-launcher/1.10.3/ant-launcher-1.10.3.jar:/Users/MartyMcTruth/.m2/repository/com/google/inject/guice/4.2.2/guice-4.2.2-no_aop.jar:/Users/MartyMcTruth/.m2/repository/javax/inject/javax.inject/1/javax.inject-1.jar:/Users/MartyMcTruth/.m2/repository/aopalliance/aopalliance/1.0/aopalliance-1.0.jar:/Users/MartyMcTruth/.m2/repository/org/yaml/snakeyaml/1.21/snakeyaml-1.21.jar:/Users/MartyMcTruth/.m2/repository/org/apache/logging/log4j/log4j-api/2.14.0/log4j-api-2.14.0.jar:/Users/MartyMcTruth/.m2/repository/org/apache/logging/log4j/log4j-core/2.14.0/log4j-core-2.14.0.jar:/Users/MartyMcTruth/.m2/repository/commons-io/commons-io/2.8.0/commons-io-2.8.0.jar:/Users/MartyMcTruth/.m2/repository/com/aventstack/extentreports/5.0.6/extentreports-5.0.6.jar:/Users/MartyMcTruth/.m2/repository/io/reactivex/rxjava3/rxjava/3.0.4/rxjava-3.0.4.jar:/Users/MartyMcTruth/.m2/repository/org/reactivestreams/reactive-streams/1.0.3/reactive-streams-1.0.3.jar:/Users/MartyMcTruth/.m2/repository/org/freemarker/freemarker/2.3.30/freemarker-2.3.30.jar:/Users/MartyMcTruth/.m2/repository/org/projectlombok/lombok/1.18.12/lombok-1.18.12.jar:/Users/MartyMcTruth/.m2/repository/com/google/code/gson/gson/2.8.6/gson-2.8.6.jar:/Users/MartyMcTruth/.m2/repository/org/seleniumhq/selenium/selenium-safari-driver/3.141.59/selenium-safari-driver-3.141.59.jar:/Users/MartyMcTruth/.m2/repository/io/cucumber/cucumber-java/6.10.0/cucumber-java-6.10.0.jar:/Users/MartyMcTruth/.m2/repository/io/cucumber/cucumber-core/6.10.0/cucumber-core-6.10.0.jar:/Users/MartyMcTruth/.m2/repository/io/cucumber/cucumber-gherkin/6.10.0/cucumber-gherkin-6.10.0.jar:/Users/MartyMcTruth/.m2/repository/io/cucumber/cucumber-gherkin-messages/6.10.0/cucumber-gherkin-messages-6.10.0.jar:/Users/MartyMcTruth/.m2/repository/io/cucumber/messages/14.0.1/messages-14.0.1.jar:/Users/MartyMcTruth/.m2/repository/io/cucumber/tag-expressions/3.0.0/tag-expressions-3.0.0.jar:/Users/MartyMcTruth/.m2/repository/io/cucumber/cucumber-expressions/10.3.0/cucumber-expressions-10.3.0.jar:/Users/MartyMcTruth/.m2/repository/io/cucumber/datatable/3.5.0/datatable-3.5.0.jar:/Users/MartyMcTruth/.m2/repository/io/cucumber/cucumber-plugin/6.10.0/cucumber-plugin-6.10.0.jar:/Users/MartyMcTruth/.m2/repository/io/cucumber/docstring/6.10.0/docstring-6.10.0.jar:/Users/MartyMcTruth/.m2/repository/io/cucumber/html-formatter/12.0.0/html-formatter-12.0.0.jar:/Users/MartyMcTruth/.m2/repository/io/cucumber/create-meta/3.0.0/create-meta-3.0.0.jar:/Users/MartyMcTruth/.m2/repository/org/apiguardian/apiguardian-api/1.1.1/apiguardian-api-1.1.1.jar:/Users/MartyMcTruth/.m2/repository/io/cucumber/cucumber-junit/6.10.0/cucumber-junit-6.10.0.jar:/Users/MartyMcTruth/.m2/repository/junit/junit/4.13.2/junit-4.13.2.jar:/Users/MartyMcTruth/.m2/repository/org/hamcrest/hamcrest-core/1.3/hamcrest-core-1.3.jar:"/>
    <property name="java.vm.vendor" value="Oracle Corporation"/>
    <property name="sun.arch.data.model" value="64"/>
    <property name="java.vendor.url" value="https://openjdk.java.net/"/>
    <property name="user.timezone" value="Europe/Amsterdam"/>
    <property name="java.vm.specification.version" value="11"/>
    <property name="os.name" value="Mac OS X"/>
    <property name="sun.java.launcher" value="SUN_STANDARD"/>
    <property name="user.country" value="NL"/>
    <property name="sun.boot.library.path" value="/Library/Java/JavaVirtualMachines/jdk-11.0.8.jdk/Contents/Home/lib"/>
    <property name="sun.java.command" value="/Users/MartyMcTruth/dev/Selenium WebDriver with Java - Basics to Advanced + Frameworks/E2EProject/target/surefire/surefirebooter2624195038439648639.jar /Users/MartyMcTruth/dev/Selenium WebDriver with Java - Basics to Advanced + Frameworks/E2EProject/target/surefire 2021-03-01T00-24-36_056-jvmRun1 surefire2773861492076792598tmp surefire_08887274487676163675tmp"/>
    <property name="http.nonProxyHosts" value="local|*.local|169.254/16|*.169.254/16"/>
    <property name="jdk.debug" value="release"/>
    <property name="surefire.test.class.path" value="/Users/MartyMcTruth/dev/Selenium WebDriver with Java - Basics to Advanced + Frameworks/E2EProject/target/test-classes:/Users/MartyMcTruth/dev/Selenium WebDriver with Java - Basics to Advanced + Frameworks/E2EProject/target/classes:/Users/MartyMcTruth/.m2/repository/org/seleniumhq/selenium/selenium-java/3.141.59/selenium-java-3.141.59.jar:/Users/MartyMcTruth/.m2/repository/org/seleniumhq/selenium/selenium-api/3.141.59/selenium-api-3.141.59.jar:/Users/MartyMcTruth/.m2/repository/org/seleniumhq/selenium/selenium-chrome-driver/3.141.59/selenium-chrome-driver-3.141.59.jar:/Users/MartyMcTruth/.m2/repository/org/seleniumhq/selenium/selenium-edge-driver/3.141.59/selenium-edge-driver-3.141.59.jar:/Users/MartyMcTruth/.m2/repository/org/seleniumhq/selenium/selenium-firefox-driver/3.141.59/selenium-firefox-driver-3.141.59.jar:/Users/MartyMcTruth/.m2/repository/org/seleniumhq/selenium/selenium-ie-driver/3.141.59/selenium-ie-driver-3.141.59.jar:/Users/MartyMcTruth/.m2/repository/org/seleniumhq/selenium/selenium-opera-driver/3.141.59/selenium-opera-driver-3.141.59.jar:/Users/MartyMcTruth/.m2/repository/org/seleniumhq/selenium/selenium-remote-driver/3.141.59/selenium-remote-driver-3.141.59.jar:/Users/MartyMcTruth/.m2/repository/org/seleniumhq/selenium/selenium-support/3.141.59/selenium-support-3.141.59.jar:/Users/MartyMcTruth/.m2/repository/net/bytebuddy/byte-buddy/1.8.15/byte-buddy-1.8.15.jar:/Users/MartyMcTruth/.m2/repository/org/apache/commons/commons-exec/1.3/commons-exec-1.3.jar:/Users/MartyMcTruth/.m2/repository/com/google/guava/guava/25.0-jre/guava-25.0-jre.jar:/Users/MartyMcTruth/.m2/repository/com/google/code/findbugs/jsr305/1.3.9/jsr305-1.3.9.jar:/Users/MartyMcTruth/.m2/repository/org/checkerframework/checker-compat-qual/2.0.0/checker-compat-qual-2.0.0.jar:/Users/MartyMcTruth/.m2/repository/com/google/errorprone/error_prone_annotations/2.1.3/error_prone_annotations-2.1.3.jar:/Users/MartyMcTruth/.m2/repository/com/google/j2objc/j2objc-annotations/1.1/j2objc-annotations-1.1.jar:/Users/MartyMcTruth/.m2/repository/org/codehaus/mojo/animal-sniffer-annotations/1.14/animal-sniffer-annotations-1.14.jar:/Users/MartyMcTruth/.m2/repository/com/squareup/okhttp3/okhttp/3.11.0/okhttp-3.11.0.jar:/Users/MartyMcTruth/.m2/repository/com/squareup/okio/okio/1.14.0/okio-1.14.0.jar:/Users/MartyMcTruth/.m2/repository/org/testng/testng/7.3.0/testng-7.3.0.jar:/Users/MartyMcTruth/.m2/repository/com/beust/jcommander/1.78/jcommander-1.78.jar:/Users/MartyMcTruth/.m2/repository/org/apache/ant/ant/1.10.3/ant-1.10.3.jar:/Users/MartyMcTruth/.m2/repository/org/apache/ant/ant-launcher/1.10.3/ant-launcher-1.10.3.jar:/Users/MartyMcTruth/.m2/repository/com/google/inject/guice/4.2.2/guice-4.2.2-no_aop.jar:/Users/MartyMcTruth/.m2/repository/javax/inject/javax.inject/1/javax.inject-1.jar:/Users/MartyMcTruth/.m2/repository/aopalliance/aopalliance/1.0/aopalliance-1.0.jar:/Users/MartyMcTruth/.m2/repository/org/yaml/snakeyaml/1.21/snakeyaml-1.21.jar:/Users/MartyMcTruth/.m2/repository/org/apache/logging/log4j/log4j-api/2.14.0/log4j-api-2.14.0.jar:/Users/MartyMcTruth/.m2/repository/org/apache/logging/log4j/log4j-core/2.14.0/log4j-core-2.14.0.jar:/Users/MartyMcTruth/.m2/repository/commons-io/commons-io/2.8.0/commons-io-2.8.0.jar:/Users/MartyMcTruth/.m2/repository/com/aventstack/extentreports/5.0.6/extentreports-5.0.6.jar:/Users/MartyMcTruth/.m2/repository/io/reactivex/rxjava3/rxjava/3.0.4/rxjava-3.0.4.jar:/Users/MartyMcTruth/.m2/repository/org/reactivestreams/reactive-streams/1.0.3/reactive-streams-1.0.3.jar:/Users/MartyMcTruth/.m2/repository/org/freemarker/freemarker/2.3.30/freemarker-2.3.30.jar:/Users/MartyMcTruth/.m2/repository/org/projectlombok/lombok/1.18.12/lombok-1.18.12.jar:/Users/MartyMcTruth/.m2/repository/com/google/code/gson/gson/2.8.6/gson-2.8.6.jar:/Users/MartyMcTruth/.m2/repository/org/seleniumhq/selenium/selenium-safari-driver/3.141.59/selenium-safari-driver-3.141.59.jar:/Users/MartyMcTruth/.m2/repository/io/cucumber/cucumber-java/6.10.0/cucumber-java-6.10.0.jar:/Users/MartyMcTruth/.m2/repository/io/cucumber/cucumber-core/6.10.0/cucumber-core-6.10.0.jar:/Users/MartyMcTruth/.m2/repository/io/cucumber/cucumber-gherkin/6.10.0/cucumber-gherkin-6.10.0.jar:/Users/MartyMcTruth/.m2/repository/io/cucumber/cucumber-gherkin-messages/6.10.0/cucumber-gherkin-messages-6.10.0.jar:/Users/MartyMcTruth/.m2/repository/io/cucumber/messages/14.0.1/messages-14.0.1.jar:/Users/MartyMcTruth/.m2/repository/io/cucumber/tag-expressions/3.0.0/tag-expressions-3.0.0.jar:/Users/MartyMcTruth/.m2/repository/io/cucumber/cucumber-expressions/10.3.0/cucumber-expressions-10.3.0.jar:/Users/MartyMcTruth/.m2/repository/io/cucumber/datatable/3.5.0/datatable-3.5.0.jar:/Users/MartyMcTruth/.m2/repository/io/cucumber/cucumber-plugin/6.10.0/cucumber-plugin-6.10.0.jar:/Users/MartyMcTruth/.m2/repository/io/cucumber/docstring/6.10.0/docstring-6.10.0.jar:/Users/MartyMcTruth/.m2/repository/io/cucumber/html-formatter/12.0.0/html-formatter-12.0.0.jar:/Users/MartyMcTruth/.m2/repository/io/cucumber/create-meta/3.0.0/create-meta-3.0.0.jar:/Users/MartyMcTruth/.m2/repository/org/apiguardian/apiguardian-api/1.1.1/apiguardian-api-1.1.1.jar:/Users/MartyMcTruth/.m2/repository/io/cucumber/cucumber-junit/6.10.0/cucumber-junit-6.10.0.jar:/Users/MartyMcTruth/.m2/repository/junit/junit/4.13.2/junit-4.13.2.jar:/Users/MartyMcTruth/.m2/repository/org/hamcrest/hamcrest-core/1.3/hamcrest-core-1.3.jar:"/>
    <property name="sun.cpu.endian" value="little"/>
    <property name="user.home" value="/Users/MartyMcTruth"/>
    <property name="user.language" value="en"/>
    <property name="java.specification.vendor" value="Oracle Corporation"/>
    <property name="java.version.date" value="2020-07-14"/>
    <property name="java.home" value="/Library/Java/JavaVirtualMachines/jdk-11.0.8.jdk/Contents/Home"/>
    <property name="file.separator" value="/"/>
    <property name="basedir" value="/Users/MartyMcTruth/dev/Selenium WebDriver with Java - Basics to Advanced + Frameworks/E2EProject"/>
    <property name="java.vm.compressedOopsMode" value="Zero based"/>
    <property name="line.separator" value="&#10;"/>
    <property name="java.specification.name" value="Java Platform API Specification"/>
    <property name="java.vm.specification.vendor" value="Oracle Corporation"/>
    <property name="java.awt.graphicsenv" value="sun.awt.CGraphicsEnvironment"/>
    <property name="surefire.real.class.path" value="/Users/MartyMcTruth/dev/Selenium WebDriver with Java - Basics to Advanced + Frameworks/E2EProject/target/surefire/surefirebooter2624195038439648639.jar"/>
    <property name="sun.management.compiler" value="HotSpot 64-Bit Tiered Compilers"/>
    <property name="ftp.nonProxyHosts" value="local|*.local|169.254/16|*.169.254/16"/>
    <property name="java.runtime.version" value="11.0.8+10-LTS"/>
    <property name="user.name" value="MartyMcTruth"/>
    <property name="path.separator" value=":"/>
    <property name="os.version" value="10.16"/>
    <property name="java.runtime.name" value="Java(TM) SE Runtime Environment"/>
    <property name="file.encoding" value="US-ASCII"/>
    <property name="java.vm.name" value="Java HotSpot(TM) 64-Bit Server VM"/>
    <property name="java.vendor.version" value="18.9"/>
    <property name="localRepository" value="/Users/MartyMcTruth/.m2/repository"/>
    <property name="java.vendor.url.bug" value="https://bugreport.java.com/bugreport/"/>
    <property name="java.io.tmpdir" value="/var/folders/gw/qg6s7dcn3nv0h8h_pwvzrlfw0000gn/T/"/>
    <property name="java.version" value="11.0.8"/>
    <property name="user.dir" value="/Users/MartyMcTruth/dev/Selenium WebDriver with Java - Basics to Advanced + Frameworks/E2EProject"/>
    <property name="os.arch" value="x86_64"/>
    <property name="java.vm.specification.name" value="Java Virtual Machine Specification"/>
    <property name="java.awt.printerjob" value="sun.lwawt.macosx.CPrinterJob"/>
    <property name="sun.os.patch.level" value="unknown"/>
    <property name="java.library.path" value="/Users/MartyMcTruth/Library/Java/Extensions:/Library/Java/Extensions:/Network/Library/Java/Extensions:/System/Library/Java/Extensions:/usr/lib/java:."/>
    <property name="java.vendor" value="Oracle Corporation"/>
    <property name="java.vm.info" value="mixed mode"/>
    <property name="java.vm.version" value="11.0.8+10-LTS"/>
    <property name="sun.io.unicode.encoding" value="UnicodeBig"/>
    <property name="java.class.version" value="55.0"/>
    <property name="socksNonProxyHosts" value="local|*.local|169.254/16|*.169.254/16"/>
  </properties>
  <testcase name="basePageNavigation" classname="academy.HomePage" time="11.915">
    <system-err><![CDATA[Starting ChromeDriver 87.0.4280.88 (89e2380a3e36c3464b5dd1302349b1382549290d-refs/branch-heads/4280@{#1761}) on port 44406
Only local connections are allowed.
Please see https://chromedriver.chromium.org/security-considerations for suggestions on keeping ChromeDriver safe.
ChromeDriver was started successfully.
[1614554685.145][WARNING]: This version of ChromeDriver has not been tested with Chrome version 88.
Mar 01, 2021 12:24:45 AM org.openqa.selenium.remote.ProtocolHandshake createSession
INFO: Detected dialect: W3C
]]></system-err>
  </testcase>
  <testcase name="basePageNavigation[nonrestricteduser@qw.com, 123456](1)" classname="academy.HomePage" time="15.733"/>
  <testcase name="basePageNavigation[restricteduser@qw.com, 456789](2)" classname="academy.HomePage" time="15.948"/>
  <testcase name="validateHeader" classname="academy.ValidateTitle" time="9.628">
    <system-err><![CDATA[Starting ChromeDriver 87.0.4280.88 (89e2380a3e36c3464b5dd1302349b1382549290d-refs/branch-heads/4280@{#1761}) on port 1744
Only local connections are allowed.
Please see https://chromedriver.chromium.org/security-considerations for suggestions on keeping ChromeDriver safe.
ChromeDriver was started successfully.
[1614554736.187][WARNING]: This version of ChromeDriver has not been tested with Chrome version 88.
Mar 01, 2021 12:25:36 AM org.openqa.selenium.remote.ProtocolHandshake createSession
INFO: Detected dialect: W3C
]]></system-err>
  </testcase>
  <testcase name="validateTitle" classname="academy.ValidateTitle" time="14.71"/>
  <testcase name="validateNavbar" classname="academy.ValidateNavigationBar" time="9.914">
    <system-err><![CDATA[Starting ChromeDriver 87.0.4280.88 (89e2380a3e36c3464b5dd1302349b1382549290d-refs/branch-heads/4280@{#1761}) on port 1063
Only local connections are allowed.
Please see https://chromedriver.chromium.org/security-considerations for suggestions on keeping ChromeDriver safe.
ChromeDriver was started successfully.
[1614554767.187][WARNING]: This version of ChromeDriver has not been tested with Chrome version 88.
Mar 01, 2021 12:26:07 AM org.openqa.selenium.remote.ProtocolHandshake createSession
INFO: Detected dialect: W3C
]]></system-err>
  </testcase>
</testsuite>