<?xml version="1.0" encoding="UTF-8"?>
<!-- Generated by org.testng.reporters.JUnitReportReporter -->
<testsuite hostname="Maartens-MacBook-Pro.local" failures="0" tests="2" name="qaclickacademy.SeleniumTest" time="0.014" errors="0" timestamp="2021-02-11T13:05:16 CET" skipped="0">
  <testcase classname="qaclickacademy.SeleniumTest" name="elementsUi" time="0.000"/>
  <system-out/>
  <testcase classname="qaclickacademy.SeleniumTest" name="BrowserAUtomation" time="0.014"/>
  <system-out/>
</testsuite> <!-- qaclickacademy.SeleniumTest -->
