<?xml version="1.0" encoding="UTF-8"?>
<!-- Generated by org.testng.reporters.JUnitReportReporter -->
<testsuite hostname="Maartens-MacBook-Pro.local" failures="0" tests="2" name="qaclickacademy.AppiumTest" time="0.001" errors="0" timestamp="2021-02-11T13:05:16 CET" skipped="0">
  <testcase classname="qaclickacademy.AppiumTest" name="IOSApps" time="0.000"/>
  <system-out/>
  <testcase classname="qaclickacademy.AppiumTest" name="NativeAPpAndroid" time="0.001"/>
  <system-out/>
</testsuite> <!-- qaclickacademy.AppiumTest -->
